Using pre-set license
Built from '2020.3/staging' branch; Version is '2020.3.18f1 (a7d1c678663c) revision 10998214'; Using compiler version '192528614'; Build Type 'Release'
OS: 'Windows 10 Pro; OS build 19042.1466; Version 2009; 64bit' Language: 'en' Physical Memory: 32711 MB
BatchMode: 1, IsHumanControllingUs: 0, StartBugReporterOnCrash: 0, Is64bit: 1, IsPro: 0

COMMAND LINE ARGUMENTS:
C:\Program Files\Unity\Hub\Editor\2020.3.18f1\Editor\Unity.exe
-adb2
-batchMode
-noUpm
-name
AssetImportWorker0
-projectPath
C:/Users/duong.lc/Documents/GitHub/Portal-3
-logFile
Logs/AssetImportWorker0.log
-srvPort
58400
Successfully changed project path to: C:/Users/duong.lc/Documents/GitHub/Portal-3
C:/Users/duong.lc/Documents/GitHub/Portal-3
Using Asset Import Pipeline V2.
Refreshing native plugins compatible for Editor in 84.47 ms, found 2 plugins.
Preloading 0 native plugins for Editor in 0.00 ms.
Initialize engine version: 2020.3.18f1 (a7d1c678663c)
[Subsystems] Discovering subsystems at path C:/Program Files/Unity/Hub/Editor/2020.3.18f1/Editor/Data/Resources/UnitySubsystems
[Subsystems] Discovering subsystems at path C:/Users/duong.lc/Documents/GitHub/Portal-3/Assets
GfxDevice: creating device client; threaded=0
Direct3D:
    Version:  Direct3D 11.0 [level 11.1]
    Renderer: NVIDIA RTX A4000 (ID=0x24b0)
    Vendor:   
    VRAM:     16193 MB
    Driver:   30.0.14.7239
Initialize mono
Mono path[0] = 'C:/Program Files/Unity/Hub/Editor/2020.3.18f1/Editor/Data/Managed'
Mono path[1] = 'C:/Program Files/Unity/Hub/Editor/2020.3.18f1/Editor/Data/MonoBleedingEdge/lib/mono/unityjit'
Mono config path = 'C:/Program Files/Unity/Hub/Editor/2020.3.18f1/Editor/Data/MonoBleedingEdge/etc'
Using monoOptions --debugger-agent=transport=dt_socket,embedding=1,server=y,suspend=n,address=127.0.0.1:56348
Begin MonoManager ReloadAssembly
Registering precompiled unity dll's ...
Register platform support module: C:/Program Files/Unity/Hub/Editor/2020.3.18f1/Editor/Data/PlaybackEngines/WebGLSupport/UnityEditor.WebGL.Extensions.dll
Register platform support module: C:/Program Files/Unity/Hub/Editor/2020.3.18f1/Editor/Data/PlaybackEngines/WindowsStandaloneSupport/UnityEditor.WindowsStandalone.Extensions.dll
Registered in 0.005012 seconds.
Native extension for WindowsStandalone target not found
Native extension for WebGL target not found
Refreshing native plugins compatible for Editor in 74.86 ms, found 2 plugins.
Preloading 0 native plugins for Editor in 0.00 ms.
Mono: successfully reloaded assembly
- Completed reload, in  2.569 seconds
Domain Reload Profiling:
	ReloadAssembly (2570ms)
		BeginReloadAssembly (185ms)
			ExecutionOrderSort (0ms)
			DisableScriptedObjects (0ms)
			BackupInstance (0ms)
			ReleaseScriptingObjects (0ms)
			CreateAndSetChildDomain (1ms)
		EndReloadAssembly (505ms)
			LoadAssemblies (189ms)
			RebuildTransferFunctionScriptingTraits (0ms)
			SetupTypeCache (175ms)
			ReleaseScriptCaches (0ms)
			RebuildScriptCaches (30ms)
			SetupLoadedEditorAssemblies (205ms)
				LogAssemblyErrors (0ms)
				InitializePlatformSupportModulesInManaged (6ms)
				SetLoadedEditorAssemblies (0ms)
				RefreshPlugins (75ms)
				BeforeProcessingInitializeOnLoad (15ms)
				ProcessInitializeOnLoadAttributes (79ms)
				ProcessInitializeOnLoadMethodAttributes (30ms)
				AfterProcessingInitializeOnLoad (0ms)
				EditorAssembliesLoaded (0ms)
			ExecutionOrderSort2 (0ms)
			AwakeInstancesAfterBackupRestoration (0ms)
Platform modules already initialized, skipping
Registering precompiled user dll's ...
Registered in 0.009322 seconds.
Begin MonoManager ReloadAssembly
Native extension for WindowsStandalone target not found
Native extension for WebGL target not found
Refreshing native plugins compatible for Editor in 76.80 ms, found 2 plugins.
Preloading 0 native plugins for Editor in 0.00 ms.
Mono: successfully reloaded assembly
- Completed reload, in  1.775 seconds
Domain Reload Profiling:
	ReloadAssembly (1777ms)
		BeginReloadAssembly (386ms)
			ExecutionOrderSort (0ms)
			DisableScriptedObjects (6ms)
			BackupInstance (0ms)
			ReleaseScriptingObjects (0ms)
			CreateAndSetChildDomain (23ms)
		EndReloadAssembly (1314ms)
			LoadAssemblies (459ms)
			RebuildTransferFunctionScriptingTraits (0ms)
			SetupTypeCache (414ms)
			ReleaseScriptCaches (1ms)
			RebuildScriptCaches (81ms)
			SetupLoadedEditorAssemblies (451ms)
				LogAssemblyErrors (0ms)
				InitializePlatformSupportModulesInManaged (5ms)
				SetLoadedEditorAssemblies (0ms)
				RefreshPlugins (77ms)
				BeforeProcessingInitializeOnLoad (111ms)
				ProcessInitializeOnLoadAttributes (244ms)
				ProcessInitializeOnLoadMethodAttributes (5ms)
				AfterProcessingInitializeOnLoad (9ms)
				EditorAssembliesLoaded (0ms)
			ExecutionOrderSort2 (0ms)
			AwakeInstancesAfterBackupRestoration (7ms)
Platform modules already initialized, skipping
========================================================================
Worker process is ready to serve import requests
Launched and connected shader compiler UnityShaderCompiler.exe after 0.07 seconds
Refreshing native plugins compatible for Editor in 0.81 ms, found 2 plugins.
Preloading 0 native plugins for Editor in 0.00 ms.
Unloading 3817 Unused Serialized files (Serialized files now loaded: 0)
System memory in use before: 175.7 MB.
System memory in use after: 175.9 MB.

Unloading 17 unused Assets to reduce memory usage. Loaded Objects now: 4267.
Total: 4.099700 ms (FindLiveObjects: 0.479900 ms CreateObjectMapping: 0.259600 ms MarkObjects: 3.259600 ms  DeleteObjects: 0.099300 ms)

AssetImportParameters requested are different than current active one (requested -> active):
  custom:framework-win-MediaFoundation: 216162199b28c13a410421893ffa2e32 -> 
  custom:video-decoder-ogg-theora: a1e56fd34408186e4bbccfd4996cb3dc -> 
  custom:container-muxer-webm: aa71ff27fc2769a1b78a27578f13a17b -> 
  custom:container-demuxer-webm: 4f35f7cbe854078d1ac9338744f61a02 -> 
  custom:container-demuxer-ogg: 62fdf1f143b41e24485cea50d1cbac27 -> 
  custom:video-encoder-webm-vp8: eb34c28f22e8b96e1ab97ce403110664 -> 
  custom:video-decoder-webm-vp8: 9c59270c3fd7afecdb556c50c9e8de78 -> 
  custom:audio-decoder-ogg-vorbis: bf7c407c2cedff20999df2af8eb42d56 -> 
  custom:audio-encoder-webm-vorbis: bf7c407c2cedff20999df2af8eb42d56 -> 
========================================================================
Received Import Request.
  path: Assets/FBX/Laser Receiver
  artifactKey: Guid(e23241b172fd58b4885369214358579c) Importer(815301076,1909f56bfc062723c751e8b465ee728b)
Start importing Assets/FBX/Laser Receiver using Guid(e23241b172fd58b4885369214358579c) Importer(815301076,1909f56bfc062723c751e8b465ee728b)  -> (artifact id: 'bc25a112408c7020e0be5ec9e55e7955') in 0.017010 seconds 
  Import took 0.024714 seconds .

========================================================================
Received Import Request.
  Time since last request: 143.021978 seconds.
  path: Assets/FBX/Laser Receiver/laserReceiver.fbx
  artifactKey: Guid(9ff0669b72a0577448514800a05390e2) Importer(815301076,1909f56bfc062723c751e8b465ee728b)
Start importing Assets/FBX/Laser Receiver/laserReceiver.fbx using Guid(9ff0669b72a0577448514800a05390e2) Importer(815301076,1909f56bfc062723c751e8b465ee728b)  -> (artifact id: '00080b4b7ecb69f06c93669407e39046') in 0.516686 seconds 
  Import took 0.523321 seconds .

========================================================================
Received Import Request.
  Time since last request: 26.775670 seconds.
  path: Assets/FBX/muzzleflash
  artifactKey: Guid(7149483200b96fd458a3bbd80575385f) Importer(815301076,1909f56bfc062723c751e8b465ee728b)
Start importing Assets/FBX/muzzleflash using Guid(7149483200b96fd458a3bbd80575385f) Importer(815301076,1909f56bfc062723c751e8b465ee728b)  -> (artifact id: '5c15373644399163827dde916dbf186a') in 0.018541 seconds 
  Import took 0.025523 seconds .

========================================================================
Received Import Request.
  Time since last request: 0.376466 seconds.
  path: Assets/FBX/Laser Receiver/laserReceiver.fbx
  artifactKey: Guid(9ff0669b72a0577448514800a05390e2) Importer(815301076,1909f56bfc062723c751e8b465ee728b)
Start importing Assets/FBX/Laser Receiver/laserReceiver.fbx using Guid(9ff0669b72a0577448514800a05390e2) Importer(815301076,1909f56bfc062723c751e8b465ee728b)  -> (artifact id: 'c60ec7dc7147013357e12f8129dacc0a') in 0.080985 seconds 
  Import took 0.086169 seconds .

========================================================================
Received Import Request.
  Time since last request: 51.132780 seconds.
  path: Assets/Materials/VFX Graphs/Portal Effects red.vfx
  artifactKey: Guid(c6e0846271a17b64e95837f99b2cdc89) Importer(815301076,1909f56bfc062723c751e8b465ee728b)
Start importing Assets/Materials/VFX Graphs/Portal Effects red.vfx using Guid(c6e0846271a17b64e95837f99b2cdc89) Importer(815301076,1909f56bfc062723c751e8b465ee728b)  -> (artifact id: 'c5b5687940e9419763ae68776e2081b1') in 0.031762 seconds 
  Import took 0.037645 seconds .

========================================================================
Received Import Request.
  Time since last request: 0.000216 seconds.
  path: Assets/Materials/Red.mat
  artifactKey: Guid(116bf7d4fe6290c4f82a68e9dd85b374) Importer(815301076,1909f56bfc062723c751e8b465ee728b)
Start importing Assets/Materials/Red.mat using Guid(116bf7d4fe6290c4f82a68e9dd85b374) Importer(815301076,1909f56bfc062723c751e8b465ee728b)  -> (artifact id: 'a0e42f18e812c9e3875a5346e5947a18') in 0.065512 seconds 
  Import took 0.071679 seconds .

========================================================================
Received Import Request.
  Time since last request: 0.000195 seconds.
  path: Assets/Materials/Particle System/particle red.prefab
  artifactKey: Guid(d89552beeba849947ab9c34d25e0dcab) Importer(815301076,1909f56bfc062723c751e8b465ee728b)
Start importing Assets/Materials/Particle System/particle red.prefab using Guid(d89552beeba849947ab9c34d25e0dcab) Importer(815301076,1909f56bfc062723c751e8b465ee728b)  -> (artifact id: 'a8458d42e88ba7b3b1cb50f486a21ea7') in 0.038469 seconds 
  Import took 0.045610 seconds .

========================================================================
Received Import Request.
  Time since last request: 0.000295 seconds.
  path: Assets/Materials/Dev_texture_Red_Mat.mat
  artifactKey: Guid(8ca97472f92e70244b205bdf2161b158) Importer(815301076,1909f56bfc062723c751e8b465ee728b)
Start importing Assets/Materials/Dev_texture_Red_Mat.mat using Guid(8ca97472f92e70244b205bdf2161b158) Importer(815301076,1909f56bfc062723c751e8b465ee728b)  -> (artifact id: 'b17c3b2317eac063868c4ae37e167df8') in 0.028070 seconds 
  Import took 0.036223 seconds .

========================================================================
Received Import Request.
  Time since last request: 0.000253 seconds.
  path: Assets/Materials/Cube Dropper/red_button.mat
  artifactKey: Guid(dcdb72f07e567c54482b6a483d2011ff) Importer(815301076,1909f56bfc062723c751e8b465ee728b)
Start importing Assets/Materials/Cube Dropper/red_button.mat using Guid(dcdb72f07e567c54482b6a483d2011ff) Importer(815301076,1909f56bfc062723c751e8b465ee728b)  -> (artifact id: '81ce060c29909da1da9fddc9d6426a21') in 0.028272 seconds 
  Import took 0.036407 seconds .

========================================================================
Received Import Request.
  Time since last request: 2.945617 seconds.
  path: Assets/Materials/Dev_texture_Black_Mat.mat
  artifactKey: Guid(2415aace5d09a5846afd26904390d0fc) Importer(815301076,1909f56bfc062723c751e8b465ee728b)
Start importing Assets/Materials/Dev_texture_Black_Mat.mat using Guid(2415aace5d09a5846afd26904390d0fc) Importer(815301076,1909f56bfc062723c751e8b465ee728b)  -> (artifact id: '46afa89fedb97ba917dbd91212852a5e') in 0.030484 seconds 
  Import took 0.036890 seconds .

========================================================================
Received Import Request.
  Time since last request: 0.000213 seconds.
  path: Assets/Materials/Dev_texture_White_Mat.mat
  artifactKey: Guid(bc75d0e4787b51c45a75f75b0d80b1aa) Importer(815301076,1909f56bfc062723c751e8b465ee728b)
Start importing Assets/Materials/Dev_texture_White_Mat.mat using Guid(bc75d0e4787b51c45a75f75b0d80b1aa) Importer(815301076,1909f56bfc062723c751e8b465ee728b)  -> (artifact id: '8912b9dd64d86005038b3d4a30b00919') in 0.030314 seconds 
  Import took 0.035536 seconds .

========================================================================
Received Import Request.
  Time since last request: 0.000208 seconds.
  path: Assets/Materials/Dev_texture_Orange_Mat.mat
  artifactKey: Guid(76c269289340ded449ce3237d11528ab) Importer(815301076,1909f56bfc062723c751e8b465ee728b)
Start importing Assets/Materials/Dev_texture_Orange_Mat.mat using Guid(76c269289340ded449ce3237d11528ab) Importer(815301076,1909f56bfc062723c751e8b465ee728b)  -> (artifact id: '8d0bdaea644d6bb9f12dbc80930b3fca') in 0.031022 seconds 
  Import took 0.036476 seconds .

========================================================================
Received Import Request.
  Time since last request: 0.000226 seconds.
  path: Assets/Materials/Dev_texture_Gray_Mat.mat
  artifactKey: Guid(9b1b1e5b321d2134baec3aa6716eea19) Importer(815301076,1909f56bfc062723c751e8b465ee728b)
Start importing Assets/Materials/Dev_texture_Gray_Mat.mat using Guid(9b1b1e5b321d2134baec3aa6716eea19) Importer(815301076,1909f56bfc062723c751e8b465ee728b)  -> (artifact id: '06c86c2461ad79e99ab1e7f0e4b8168f') in 0.033117 seconds 
  Import took 0.040667 seconds .

========================================================================
Received Import Request.
  Time since last request: 0.000284 seconds.
  path: Assets/Materials/Dev_texture_Gray_Mat2.mat
  artifactKey: Guid(ab0cadd65b8935f4aaa52771b2ef12ef) Importer(815301076,1909f56bfc062723c751e8b465ee728b)
Start importing Assets/Materials/Dev_texture_Gray_Mat2.mat using Guid(ab0cadd65b8935f4aaa52771b2ef12ef) Importer(815301076,1909f56bfc062723c751e8b465ee728b)  -> (artifact id: '69317029227292b4c375d70e7c297629') in 0.030581 seconds 
  Import took 0.037833 seconds .

========================================================================
Received Import Request.
  Time since last request: 68.645459 seconds.
  path: Assets/FBX/portal/portal.fbx
  artifactKey: Guid(897ff1c06209c1f4e866887e4e9a28f6) Importer(815301076,1909f56bfc062723c751e8b465ee728b)
Start importing Assets/FBX/portal/portal.fbx using Guid(897ff1c06209c1f4e866887e4e9a28f6) Importer(815301076,1909f56bfc062723c751e8b465ee728b)  -> (artifact id: '33c044ec20527b24e0c478a5d8fbfc18') in 0.035147 seconds 
  Import took 0.041661 seconds .

========================================================================
Received Import Request.
  Time since last request: 0.000321 seconds.
  path: Assets/FBX/portal gun/Portal gun.obj
  artifactKey: Guid(55bd7572c45c4234bbaab0246829df1b) Importer(815301076,1909f56bfc062723c751e8b465ee728b)
Start importing Assets/FBX/portal gun/Portal gun.obj using Guid(55bd7572c45c4234bbaab0246829df1b) Importer(815301076,1909f56bfc062723c751e8b465ee728b)  -> (artifact id: 'd6cc3c79a41764be9fd4f858c400d8c9') in 0.096195 seconds 
  Import took 0.104918 seconds .

========================================================================
Received Import Request.
  Time since last request: 0.000349 seconds.
  path: Assets/Materials/portal gun/portal gun.mat
  artifactKey: Guid(1c90f25a6b65fba43bfbe76f9fc025ac) Importer(815301076,1909f56bfc062723c751e8b465ee728b)
Start importing Assets/Materials/portal gun/portal gun.mat using Guid(1c90f25a6b65fba43bfbe76f9fc025ac) Importer(815301076,1909f56bfc062723c751e8b465ee728b)  -> (artifact id: '4113765a24e678d2b81bf5742b6f1093') in 0.055855 seconds 
  Import took 0.063294 seconds .

========================================================================
Received Import Request.
  Time since last request: 0.000197 seconds.
  path: Assets/Materials/Portal_Border_B.mat
  artifactKey: Guid(1cb18422c15830640a74f77812fa02ce) Importer(815301076,1909f56bfc062723c751e8b465ee728b)
Start importing Assets/Materials/Portal_Border_B.mat using Guid(1cb18422c15830640a74f77812fa02ce) Importer(815301076,1909f56bfc062723c751e8b465ee728b)  -> (artifact id: '673ac716fa209551359255cdb39e1c8e') in 0.031041 seconds 
  Import took 0.039797 seconds .

========================================================================
Received Import Request.
  Time since last request: 0.000293 seconds.
  path: Assets/Materials/Portal_Border_A.mat
  artifactKey: Guid(9cb949a37e5b5c241b80f79356aa1749) Importer(815301076,1909f56bfc062723c751e8b465ee728b)
Start importing Assets/Materials/Portal_Border_A.mat using Guid(9cb949a37e5b5c241b80f79356aa1749) Importer(815301076,1909f56bfc062723c751e8b465ee728b)  -> (artifact id: 'fe95b4d3547318fe7334ff92b7d7b67c') in 0.032358 seconds 
  Import took 0.040119 seconds .

========================================================================
Received Import Request.
  Time since last request: 703.345659 seconds.
  path: Assets/FBX/portal/portal_face.fbx
  artifactKey: Guid(9f58cbf9ccd6a6643acef63c30d6f3ab) Importer(815301076,1909f56bfc062723c751e8b465ee728b)
Start importing Assets/FBX/portal/portal_face.fbx using Guid(9f58cbf9ccd6a6643acef63c30d6f3ab) Importer(815301076,1909f56bfc062723c751e8b465ee728b)  -> (artifact id: '0bd499b6dae041dd4b07687dc6ef9576') in 0.027033 seconds 
  Import took 0.033805 seconds .

========================================================================
Received Import Request.
  Time since last request: 5.006984 seconds.
  path: Assets/portal_renderTexture.renderTexture
  artifactKey: Guid(aaff30e743573b947892c5555cff3a8f) Importer(815301076,1909f56bfc062723c751e8b465ee728b)
Start importing Assets/portal_renderTexture.renderTexture using Guid(aaff30e743573b947892c5555cff3a8f) Importer(815301076,1909f56bfc062723c751e8b465ee728b)  -> (artifact id: '7116228b8d251e4f61c97ae4af201305') in 0.025738 seconds 
  Import took 0.036540 seconds .

========================================================================
Received Import Request.
  Time since last request: 76.142180 seconds.
  path: Assets/FBX/Laser Receiver/EDITOR_laserrecw.png
  artifactKey: Guid(ac9641889c2b6dd40b42c33e35b90287) Importer(815301076,1909f56bfc062723c751e8b465ee728b)
Start importing Assets/FBX/Laser Receiver/EDITOR_laserrecw.png using Guid(ac9641889c2b6dd40b42c33e35b90287) Importer(815301076,1909f56bfc062723c751e8b465ee728b)  -> (artifact id: '0315370829665b9c5874e5d9814967e9') in 0.029485 seconds 
  Import took 0.034646 seconds .

========================================================================
Received Import Request.
  Time since last request: 0.317099 seconds.
  path: Assets/FBX/Laser Receiver/EDITOR_laserrecw.obj
  artifactKey: Guid(0202992c34b64d849ab4d2cb468a6c6e) Importer(815301076,1909f56bfc062723c751e8b465ee728b)
Start importing Assets/FBX/Laser Receiver/EDITOR_laserrecw.obj using Guid(0202992c34b64d849ab4d2cb468a6c6e) Importer(815301076,1909f56bfc062723c751e8b465ee728b)  -> (artifact id: 'ebbdef5b680aa777d250a837b969b9e5') in 0.033917 seconds 
  Import took 0.040794 seconds .

========================================================================
Received Import Request.
  Time since last request: 25.659548 seconds.
  path: Assets/Materials/Turret/Body.mat
  artifactKey: Guid(e5c99cef8b2f93e4c97aeb20f101a415) Importer(815301076,1909f56bfc062723c751e8b465ee728b)
Start importing Assets/Materials/Turret/Body.mat using Guid(e5c99cef8b2f93e4c97aeb20f101a415) Importer(815301076,1909f56bfc062723c751e8b465ee728b)  -> (artifact id: '0b2bcac6edf58223f068967dbcbe3f5c') in 0.048685 seconds 
  Import took 0.055522 seconds .

========================================================================
Received Import Request.
  Time since last request: 0.000248 seconds.
  path: Assets/Materials/Companion Cube/Companion Cube Purple.mat
  artifactKey: Guid(11179ed3e9f0e3448bf6991f7cf8e700) Importer(815301076,1909f56bfc062723c751e8b465ee728b)
Start importing Assets/Materials/Companion Cube/Companion Cube Purple.mat using Guid(11179ed3e9f0e3448bf6991f7cf8e700) Importer(815301076,1909f56bfc062723c751e8b465ee728b)  -> (artifact id: '357bc5f01bb093943c9765905915b6e9') in 0.022031 seconds 
  Import took 0.027870 seconds .

========================================================================
Received Import Request.
  Time since last request: 0.000288 seconds.
  path: Assets/Materials/Companion Cube/Companion Cube white.mat
  artifactKey: Guid(3634c5f5852ccbc4f8f0e4579b106176) Importer(815301076,1909f56bfc062723c751e8b465ee728b)
Start importing Assets/Materials/Companion Cube/Companion Cube white.mat using Guid(3634c5f5852ccbc4f8f0e4579b106176) Importer(815301076,1909f56bfc062723c751e8b465ee728b)  -> (artifact id: '7b9989a1df96033604758c5cafe00c0a') in 0.019718 seconds 
  Import took 0.026134 seconds .

========================================================================
Received Import Request.
  Time since last request: 0.000205 seconds.
  path: Assets/Materials/Companion Cube/Companion Cube gray.mat
  artifactKey: Guid(bf0d0cae4c175d04ca5ebd52188cdc77) Importer(815301076,1909f56bfc062723c751e8b465ee728b)
Start importing Assets/Materials/Companion Cube/Companion Cube gray.mat using Guid(bf0d0cae4c175d04ca5ebd52188cdc77) Importer(815301076,1909f56bfc062723c751e8b465ee728b)  -> (artifact id: '76f60ad48ef9115b9a2652c03518ada4') in 0.016944 seconds 
  Import took 0.022350 seconds .

========================================================================
Received Import Request.
  Time since last request: 0.000168 seconds.
  path: Assets/TextMesh Pro/Examples & Extras/Materials/Crate - Surface Shader Scene.mat
  artifactKey: Guid(e6b9b44320f4448d9d5e0ee634259966) Importer(815301076,1909f56bfc062723c751e8b465ee728b)
Start importing Assets/TextMesh Pro/Examples & Extras/Materials/Crate - Surface Shader Scene.mat using Guid(e6b9b44320f4448d9d5e0ee634259966) Importer(815301076,1909f56bfc062723c751e8b465ee728b)  -> (artifact id: '6ed722013bb8af00ac9a4f951149844b') in 0.023625 seconds 
  Import took 0.031399 seconds .

========================================================================
Received Import Request.
  Time since last request: 0.000171 seconds.
  path: Assets/Materials/bullet glow.mat
  artifactKey: Guid(9ec247433f10f8447bf685492dafd097) Importer(815301076,1909f56bfc062723c751e8b465ee728b)
Start importing Assets/Materials/bullet glow.mat using Guid(9ec247433f10f8447bf685492dafd097) Importer(815301076,1909f56bfc062723c751e8b465ee728b)  -> (artifact id: 'a13680830b413c614eacf692dda6073f') in 0.017315 seconds 
  Import took 0.024143 seconds .

========================================================================
Received Import Request.
  Time since last request: 0.000216 seconds.
  path: Assets/FBX/Turret/model.dae
  artifactKey: Guid(19f167636a57fa64cb394b74fcf0f4e1) Importer(815301076,1909f56bfc062723c751e8b465ee728b)
Start importing Assets/FBX/Turret/model.dae using Guid(19f167636a57fa64cb394b74fcf0f4e1) Importer(815301076,1909f56bfc062723c751e8b465ee728b)  -> (artifact id: '6d97de757e9c788026c7cdb735601494') in 0.618110 seconds 
  Import took 0.626142 seconds .

========================================================================
Received Import Request.
  Time since last request: 0.000246 seconds.
  path: Assets/Materials/Companion Cube/Companion Cube.mat
  artifactKey: Guid(f8b2217a0f0204c47b591d8ef3b30649) Importer(815301076,1909f56bfc062723c751e8b465ee728b)
Start importing Assets/Materials/Companion Cube/Companion Cube.mat using Guid(f8b2217a0f0204c47b591d8ef3b30649) Importer(815301076,1909f56bfc062723c751e8b465ee728b)  -> (artifact id: '84d59f5bf2a5f25974bc0b7867743638') in 0.033397 seconds 
  Import took 0.038872 seconds .

========================================================================
Received Import Request.
  Time since last request: 0.001373 seconds.
  path: Assets/Materials/Companion Cube/Companion Cube.mat
  artifactKey: Guid(f8b2217a0f0204c47b591d8ef3b30649) Importer(815301076,1909f56bfc062723c751e8b465ee728b)
Start importing Assets/Materials/Companion Cube/Companion Cube.mat using Guid(f8b2217a0f0204c47b591d8ef3b30649) Importer(815301076,1909f56bfc062723c751e8b465ee728b)  -> (artifact id: '84d59f5bf2a5f25974bc0b7867743638') in 0.023788 seconds 
  Import took 0.029301 seconds .

========================================================================
Received Import Request.
  Time since last request: 187.967290 seconds.
  path: ProjectSettings/TagManager.asset
  artifactKey: Guid(00000000000000003000000000000000) Importer(815301076,1909f56bfc062723c751e8b465ee728b)
Start importing ProjectSettings/TagManager.asset using Guid(00000000000000003000000000000000) Importer(815301076,1909f56bfc062723c751e8b465ee728b)  -> (artifact id: 'b44796f7e903b9472b1bca5e6795cce5') in 0.010309 seconds 
  Import took 0.016673 seconds .

========================================================================
Received Prepare
Registering precompiled user dll's ...
Registered in 0.006736 seconds.
Begin MonoManager ReloadAssembly
Native extension for WindowsStandalone target not found
Native extension for WebGL target not found
Refreshing native plugins compatible for Editor in 1.37 ms, found 2 plugins.
Preloading 0 native plugins for Editor in 0.00 ms.
Mono: successfully reloaded assembly
- Completed reload, in  1.448 seconds
Domain Reload Profiling:
	ReloadAssembly (1449ms)
		BeginReloadAssembly (226ms)
			ExecutionOrderSort (0ms)
			DisableScriptedObjects (7ms)
			BackupInstance (0ms)
			ReleaseScriptingObjects (0ms)
			CreateAndSetChildDomain (49ms)
		EndReloadAssembly (1155ms)
			LoadAssemblies (244ms)
			RebuildTransferFunctionScriptingTraits (0ms)
			SetupTypeCache (368ms)
			ReleaseScriptCaches (2ms)
			RebuildScriptCaches (69ms)
			SetupLoadedEditorAssemblies (370ms)
				LogAssemblyErrors (0ms)
				InitializePlatformSupportModulesInManaged (8ms)
				SetLoadedEditorAssemblies (0ms)
				RefreshPlugins (1ms)
				BeforeProcessingInitializeOnLoad (130ms)
				ProcessInitializeOnLoadAttributes (215ms)
				ProcessInitializeOnLoadMethodAttributes (6ms)
				AfterProcessingInitializeOnLoad (8ms)
				EditorAssembliesLoaded (0ms)
			ExecutionOrderSort2 (0ms)
			AwakeInstancesAfterBackupRestoration (18ms)
Platform modules already initialized, skipping
Refreshing native plugins compatible for Editor in 1.45 ms, found 2 plugins.
Preloading 0 native plugins for Editor in 0.00 ms.
Unloading 3627 Unused Serialized files (Serialized files now loaded: 0)
System memory in use before: 166.0 MB.
System memory in use after: 166.3 MB.

Unloading 14 unused Assets to reduce memory usage. Loaded Objects now: 4355.
Total: 4.663900 ms (FindLiveObjects: 0.471600 ms CreateObjectMapping: 0.220700 ms MarkObjects: 3.926600 ms  DeleteObjects: 0.043900 ms)

AssetImportParameters requested are different than current active one (requested -> active):
  custom:framework-win-MediaFoundation: 216162199b28c13a410421893ffa2e32 -> 
  custom:video-decoder-ogg-theora: a1e56fd34408186e4bbccfd4996cb3dc -> 
  custom:container-muxer-webm: aa71ff27fc2769a1b78a27578f13a17b -> 
  custom:container-demuxer-webm: 4f35f7cbe854078d1ac9338744f61a02 -> 
  custom:container-demuxer-ogg: 62fdf1f143b41e24485cea50d1cbac27 -> 
  custom:video-encoder-webm-vp8: eb34c28f22e8b96e1ab97ce403110664 -> 
  custom:video-decoder-webm-vp8: 9c59270c3fd7afecdb556c50c9e8de78 -> 
  custom:audio-decoder-ogg-vorbis: bf7c407c2cedff20999df2af8eb42d56 -> 
  custom:audio-encoder-webm-vorbis: bf7c407c2cedff20999df2af8eb42d56 -> 
========================================================================
Received Prepare
Registering precompiled user dll's ...
Registered in 0.008627 seconds.
Begin MonoManager ReloadAssembly
Native extension for WindowsStandalone target not found
Native extension for WebGL target not found
Refreshing native plugins compatible for Editor in 1.01 ms, found 2 plugins.
Preloading 0 native plugins for Editor in 0.00 ms.
Mono: successfully reloaded assembly
- Completed reload, in  1.419 seconds
Domain Reload Profiling:
	ReloadAssembly (1420ms)
		BeginReloadAssembly (211ms)
			ExecutionOrderSort (0ms)
			DisableScriptedObjects (5ms)
			BackupInstance (0ms)
			ReleaseScriptingObjects (0ms)
			CreateAndSetChildDomain (49ms)
		EndReloadAssembly (1131ms)
			LoadAssemblies (208ms)
			RebuildTransferFunctionScriptingTraits (0ms)
			SetupTypeCache (380ms)
			ReleaseScriptCaches (2ms)
			RebuildScriptCaches (74ms)
			SetupLoadedEditorAssemblies (362ms)
				LogAssemblyErrors (0ms)
				InitializePlatformSupportModulesInManaged (7ms)
				SetLoadedEditorAssemblies (1ms)
				RefreshPlugins (1ms)
				BeforeProcessingInitializeOnLoad (122ms)
				ProcessInitializeOnLoadAttributes (216ms)
				ProcessInitializeOnLoadMethodAttributes (6ms)
				AfterProcessingInitializeOnLoad (8ms)
				EditorAssembliesLoaded (0ms)
			ExecutionOrderSort2 (0ms)
			AwakeInstancesAfterBackupRestoration (19ms)
Platform modules already initialized, skipping
Refreshing native plugins compatible for Editor in 2.92 ms, found 2 plugins.
Preloading 0 native plugins for Editor in 0.00 ms.
Unloading 3627 Unused Serialized files (Serialized files now loaded: 0)
System memory in use before: 166.1 MB.
System memory in use after: 166.3 MB.

Unloading 12 unused Assets to reduce memory usage. Loaded Objects now: 4357.
Total: 5.898100 ms (FindLiveObjects: 0.663600 ms CreateObjectMapping: 0.326900 ms MarkObjects: 4.848900 ms  DeleteObjects: 0.057000 ms)

AssetImportParameters requested are different than current active one (requested -> active):
  custom:framework-win-MediaFoundation: 216162199b28c13a410421893ffa2e32 -> 
  custom:video-decoder-ogg-theora: a1e56fd34408186e4bbccfd4996cb3dc -> 
  custom:container-muxer-webm: aa71ff27fc2769a1b78a27578f13a17b -> 
  custom:container-demuxer-webm: 4f35f7cbe854078d1ac9338744f61a02 -> 
  custom:container-demuxer-ogg: 62fdf1f143b41e24485cea50d1cbac27 -> 
  custom:video-encoder-webm-vp8: eb34c28f22e8b96e1ab97ce403110664 -> 
  custom:video-decoder-webm-vp8: 9c59270c3fd7afecdb556c50c9e8de78 -> 
  custom:audio-decoder-ogg-vorbis: bf7c407c2cedff20999df2af8eb42d56 -> 
  custom:audio-encoder-webm-vorbis: bf7c407c2cedff20999df2af8eb42d56 -> 
========================================================================
Received Import Request.
  Time since last request: 1126.992804 seconds.
  path: Assets/Prefabs/Laser Blaster.prefab
  artifactKey: Guid(235f5a741c73e9e4fa9ca6fedc62fa1d) Importer(815301076,1909f56bfc062723c751e8b465ee728b)
Start importing Assets/Prefabs/Laser Blaster.prefab using Guid(235f5a741c73e9e4fa9ca6fedc62fa1d) Importer(815301076,1909f56bfc062723c751e8b465ee728b)  -> (artifact id: '33f5021cbac76d813d0668931a91ff5d') in 0.261904 seconds 
  Import took 0.267721 seconds .

========================================================================
Received Import Request.
  Time since last request: 124.141117 seconds.
  path: Assets/Prefabs/LaserReceiver.prefab
  artifactKey: Guid(8cd22b1b67a8d8740874f96fcc04466c) Importer(815301076,1909f56bfc062723c751e8b465ee728b)
Start importing Assets/Prefabs/LaserReceiver.prefab using Guid(8cd22b1b67a8d8740874f96fcc04466c) Importer(815301076,1909f56bfc062723c751e8b465ee728b)  -> (artifact id: '56e2e9e76472e2d2500d6701a1c0a69d') in 0.021737 seconds 
  Import took 0.028591 seconds .

========================================================================
Received Import Request.
  Time since last request: 291.497417 seconds.
  path: ProjectSettings/TagManager.asset
  artifactKey: Guid(00000000000000003000000000000000) Importer(815301076,1909f56bfc062723c751e8b465ee728b)
Start importing ProjectSettings/TagManager.asset using Guid(00000000000000003000000000000000) Importer(815301076,1909f56bfc062723c751e8b465ee728b)  -> (artifact id: 'feef54b12c46a805a22290c2feb8cd89') in 0.009409 seconds 
  Import took 0.017501 seconds .

========================================================================
Received Prepare
Registering precompiled user dll's ...
Registered in 0.006502 seconds.
Begin MonoManager ReloadAssembly
Native extension for WindowsStandalone target not found
Native extension for WebGL target not found
Refreshing native plugins compatible for Editor in 0.73 ms, found 2 plugins.
Preloading 0 native plugins for Editor in 0.00 ms.
Mono: successfully reloaded assembly
- Completed reload, in  1.405 seconds
Domain Reload Profiling:
	ReloadAssembly (1405ms)
		BeginReloadAssembly (219ms)
			ExecutionOrderSort (0ms)
			DisableScriptedObjects (6ms)
			BackupInstance (0ms)
			ReleaseScriptingObjects (0ms)
			CreateAndSetChildDomain (55ms)
		EndReloadAssembly (1111ms)
			LoadAssemblies (200ms)
			RebuildTransferFunctionScriptingTraits (0ms)
			SetupTypeCache (380ms)
			ReleaseScriptCaches (3ms)
			RebuildScriptCaches (72ms)
			SetupLoadedEditorAssemblies (358ms)
				LogAssemblyErrors (0ms)
				InitializePlatformSupportModulesInManaged (5ms)
				SetLoadedEditorAssemblies (0ms)
				RefreshPlugins (1ms)
				BeforeProcessingInitializeOnLoad (120ms)
				ProcessInitializeOnLoadAttributes (215ms)
				ProcessInitializeOnLoadMethodAttributes (6ms)
				AfterProcessingInitializeOnLoad (9ms)
				EditorAssembliesLoaded (1ms)
			ExecutionOrderSort2 (0ms)
			AwakeInstancesAfterBackupRestoration (21ms)
Platform modules already initialized, skipping
Refreshing native plugins compatible for Editor in 0.88 ms, found 2 plugins.
Preloading 0 native plugins for Editor in 0.00 ms.
Unloading 3627 Unused Serialized files (Serialized files now loaded: 0)
System memory in use before: 166.3 MB.
System memory in use after: 166.6 MB.

Unloading 13 unused Assets to reduce memory usage. Loaded Objects now: 4395.
Total: 3.835500 ms (FindLiveObjects: 0.419500 ms CreateObjectMapping: 0.221100 ms MarkObjects: 3.173500 ms  DeleteObjects: 0.020200 ms)

AssetImportParameters requested are different than current active one (requested -> active):
  custom:framework-win-MediaFoundation: 216162199b28c13a410421893ffa2e32 -> 
  custom:video-decoder-ogg-theora: a1e56fd34408186e4bbccfd4996cb3dc -> 
  custom:container-muxer-webm: aa71ff27fc2769a1b78a27578f13a17b -> 
  custom:container-demuxer-webm: 4f35f7cbe854078d1ac9338744f61a02 -> 
  custom:container-demuxer-ogg: 62fdf1f143b41e24485cea50d1cbac27 -> 
  custom:video-encoder-webm-vp8: eb34c28f22e8b96e1ab97ce403110664 -> 
  custom:video-decoder-webm-vp8: 9c59270c3fd7afecdb556c50c9e8de78 -> 
  custom:audio-decoder-ogg-vorbis: bf7c407c2cedff20999df2af8eb42d56 -> 
  custom:audio-encoder-webm-vorbis: bf7c407c2cedff20999df2af8eb42d56 -> 
========================================================================
Received Import Request.
  Time since last request: 21.374235 seconds.
  path: Assets/Prefabs/Glass.prefab
  artifactKey: Guid(d7a11be16829ead42af3b32cfa04865a) Importer(815301076,1909f56bfc062723c751e8b465ee728b)
Start importing Assets/Prefabs/Glass.prefab using Guid(d7a11be16829ead42af3b32cfa04865a) Importer(815301076,1909f56bfc062723c751e8b465ee728b)  -> (artifact id: 'f73c6bc235210bfac8d361018cb318f4') in 0.244025 seconds 
  Import took 0.253182 seconds .

AssetImportWorkerClient::OnTransportError - code=2 error=End of file
